[0m14:00:53.382239 [debug] [MainThread]: Sending event: {'category': 'dbt', 'action': 'invocation', 'label': 'start', 'context': [<snowplow_tracker.self_describing_json.SelfDescribingJson object at 0x103514a00>, <snowplow_tracker.self_describing_json.SelfDescribingJson object at 0x1054d7b20>, <snowplow_tracker.self_describing_json.SelfDescribingJson object at 0x1054d7e80>]}


============================== 14:00:53.385037 | e123abf4-b6fd-41f7-a04b-2fbb09c0efa2 ==============================
[0m14:00:53.385037 [info ] [MainThread]: Running with dbt=1.5.1
[0m14:00:53.385395 [debug] [MainThread]: running dbt with arguments {'printer_width': '80', 'indirect_selection': 'eager', 'log_cache_events': 'False', 'write_json': 'True', 'partial_parse': 'True', 'cache_selected_only': 'False', 'profiles_dir': '/Users/mikhail.ramyed/.dbt', 'debug': 'False', 'version_check': 'True', 'log_path': '/Users/mikhail.ramyed/Code/dbt_demo_healthcare/dbt_demo_healthcare/dbt_demo_healthcare/logs', 'fail_fast': 'False', 'warn_error': 'None', 'use_colors': 'True', 'use_experimental_parser': 'False', 'no_print': 'None', 'quiet': 'False', 'warn_error_options': 'WarnErrorOptions(include=[], exclude=[])', 'introspect': 'True', 'log_format': 'default', 'static_parser': 'True', 'target_path': 'None', 'send_anonymous_usage_stats': 'True'}
[0m14:00:53.385694 [info ] [MainThread]: dbt version: 1.5.1
[0m14:00:53.385888 [info ] [MainThread]: python version: 3.10.9
[0m14:00:53.386071 [info ] [MainThread]: python path: /Users/mikhail.ramyed/.virtualenvs/dbt_healthcare_demo/bin/python
[0m14:00:53.386252 [info ] [MainThread]: os info: macOS-13.3.1-arm64-arm-64bit
[0m14:00:53.386421 [info ] [MainThread]: Using profiles.yml file at /Users/mikhail.ramyed/.dbt/profiles.yml
[0m14:00:53.386598 [info ] [MainThread]: Using dbt_project.yml file at /Users/mikhail.ramyed/Code/dbt_demo_healthcare/dbt_demo_healthcare/dbt_demo_healthcare/dbt_project.yml
[0m14:00:53.386782 [info ] [MainThread]: Configuration:
[0m14:00:53.852231 [info ] [MainThread]:   profiles.yml file [[32mOK found and valid[0m]
[0m14:00:53.862835 [info ] [MainThread]:   dbt_project.yml file [[32mOK found and valid[0m]
[0m14:00:53.863176 [info ] [MainThread]: Required dependencies:
[0m14:00:53.863470 [debug] [MainThread]: Executing "git --help"
[0m14:00:53.873681 [debug] [MainThread]: STDOUT: "b"usage: git [-v | --version] [-h | --help] [-C <path>] [-c <name>=<value>]\n           [--exec-path[=<path>]] [--html-path] [--man-path] [--info-path]\n           [-p | --paginate | -P | --no-pager] [--no-replace-objects] [--bare]\n           [--git-dir=<path>] [--work-tree=<path>] [--namespace=<name>]\n           [--super-prefix=<path>] [--config-env=<name>=<envvar>]\n           <command> [<args>]\n\nThese are common Git commands used in various situations:\n\nstart a working area (see also: git help tutorial)\n   clone     Clone a repository into a new directory\n   init      Create an empty Git repository or reinitialize an existing one\n\nwork on the current change (see also: git help everyday)\n   add       Add file contents to the index\n   mv        Move or rename a file, a directory, or a symlink\n   restore   Restore working tree files\n   rm        Remove files from the working tree and from the index\n\nexamine the history and state (see also: git help revisions)\n   bisect    Use binary search to find the commit that introduced a bug\n   diff      Show changes between commits, commit and working tree, etc\n   grep      Print lines matching a pattern\n   log       Show commit logs\n   show      Show various types of objects\n   status    Show the working tree status\n\ngrow, mark and tweak your common history\n   branch    List, create, or delete branches\n   commit    Record changes to the repository\n   merge     Join two or more development histories together\n   rebase    Reapply commits on top of another base tip\n   reset     Reset current HEAD to the specified state\n   switch    Switch branches\n   tag       Create, list, delete or verify a tag object signed with GPG\n\ncollaborate (see also: git help workflows)\n   fetch     Download objects and refs from another repository\n   pull      Fetch from and integrate with another repository or a local branch\n   push      Update remote refs along with associated objects\n\n'git help -a' and 'git help -g' list available subcommands and some\nconcept guides. See 'git help <command>' or 'git help <concept>'\nto read about a specific subcommand or concept.\nSee 'git help git' for an overview of the system.\n""
[0m14:00:53.874338 [debug] [MainThread]: STDERR: "b''"
[0m14:00:53.874554 [info ] [MainThread]:  - git [[32mOK found[0m]

[0m14:00:53.874791 [info ] [MainThread]: Connection:
[0m14:00:53.875064 [info ] [MainThread]:   method: oauth
[0m14:00:53.875250 [info ] [MainThread]:   database: datatonic-americas-demos
[0m14:00:53.875425 [info ] [MainThread]:   schema: dbt_mkyed
[0m14:00:53.875657 [info ] [MainThread]:   location: US
[0m14:00:53.875911 [info ] [MainThread]:   priority: interactive
[0m14:00:53.876104 [info ] [MainThread]:   timeout_seconds: 300
[0m14:00:53.876289 [info ] [MainThread]:   maximum_bytes_billed: None
[0m14:00:53.876468 [info ] [MainThread]:   execution_project: datatonic-americas-demos
[0m14:00:53.876644 [info ] [MainThread]:   job_retry_deadline_seconds: None
[0m14:00:53.876993 [info ] [MainThread]:   job_retries: 1
[0m14:00:53.877260 [info ] [MainThread]:   job_creation_timeout_seconds: None
[0m14:00:53.877452 [info ] [MainThread]:   job_execution_timeout_seconds: 300
[0m14:00:53.877634 [info ] [MainThread]:   gcs_bucket: None
[0m14:00:53.883211 [debug] [MainThread]: Acquiring new bigquery connection 'debug'
[0m14:00:53.883888 [debug] [MainThread]: Opening a new connection, currently in state init
[0m14:00:54.346814 [debug] [MainThread]: On debug: select 1 as id
[0m14:00:56.619689 [debug] [MainThread]: BigQuery adapter: https://console.cloud.google.com/bigquery?project=datatonic-americas-demos&j=bq:US:97100fcf-7371-4e7d-8972-0102232d036e&page=queryresults
[0m14:00:56.620169 [info ] [MainThread]:   Connection test: [[32mOK connection ok[0m]

[0m14:00:56.620470 [info ] [MainThread]: [32mAll checks passed![0m
[0m14:00:56.621135 [debug] [MainThread]: Command `dbt debug` succeeded at 14:00:56.621045 after 3.26 seconds
[0m14:00:56.621388 [debug] [MainThread]: Connection 'debug' was properly closed.
[0m14:00:56.621629 [debug] [MainThread]: Sending event: {'category': 'dbt', 'action': 'invocation', 'label': 'end', 'context': [<snowplow_tracker.self_describing_json.SelfDescribingJson object at 0x1054d7100>, <snowplow_tracker.self_describing_json.SelfDescribingJson object at 0x1524e1c90>, <snowplow_tracker.self_describing_json.SelfDescribingJson object at 0x1524e25f0>]}
[0m14:00:56.621915 [debug] [MainThread]: Flushing usage events
[0m14:00:58.288310 [debug] [MainThread]: Sending event: {'category': 'dbt', 'action': 'invocation', 'label': 'start', 'context': [<snowplow_tracker.self_describing_json.SelfDescribingJson object at 0x102ccca00>, <snowplow_tracker.self_describing_json.SelfDescribingJson object at 0x104c4bb20>, <snowplow_tracker.self_describing_json.SelfDescribingJson object at 0x104c4be80>]}


============================== 14:00:58.290682 | f32bd95c-5933-4633-bcc3-c5d06706a564 ==============================
[0m14:00:58.290682 [info ] [MainThread]: Running with dbt=1.5.1
[0m14:00:58.291022 [debug] [MainThread]: running dbt with arguments {'printer_width': '80', 'indirect_selection': 'eager', 'log_cache_events': 'False', 'write_json': 'True', 'partial_parse': 'True', 'cache_selected_only': 'False', 'profiles_dir': '/Users/mikhail.ramyed/.dbt', 'fail_fast': 'False', 'warn_error': 'None', 'log_path': '/Users/mikhail.ramyed/Code/dbt_demo_healthcare/dbt_demo_healthcare/dbt_demo_healthcare/logs', 'version_check': 'True', 'debug': 'False', 'use_colors': 'True', 'use_experimental_parser': 'False', 'no_print': 'None', 'quiet': 'False', 'warn_error_options': 'WarnErrorOptions(include=[], exclude=[])', 'static_parser': 'True', 'introspect': 'True', 'log_format': 'default', 'target_path': 'None', 'send_anonymous_usage_stats': 'True'}
[0m14:00:58.305172 [debug] [MainThread]: Sending event: {'category': 'dbt', 'action': 'project_id', 'label': 'f32bd95c-5933-4633-bcc3-c5d06706a564', 'context': [<snowplow_tracker.self_describing_json.SelfDescribingJson object at 0x104c4b340>]}
[0m14:00:58.305752 [info ] [MainThread]: Warning: No packages were found in packages.yml
[0m14:00:58.306142 [debug] [MainThread]: Command `dbt deps` succeeded at 14:00:58.306074 after 0.03 seconds
[0m14:00:58.306331 [debug] [MainThread]: Sending event: {'category': 'dbt', 'action': 'invocation', 'label': 'end', 'context': [<snowplow_tracker.self_describing_json.SelfDescribingJson object at 0x102ccca00>, <snowplow_tracker.self_describing_json.SelfDescribingJson object at 0x104c4b340>, <snowplow_tracker.self_describing_json.SelfDescribingJson object at 0x104c4beb0>]}
[0m14:00:58.306503 [debug] [MainThread]: Flushing usage events
